<?xml version="1.0" encoding="UTF-8"?>
<!-- Generated by org.testng.reporters.JUnitXMLReporter -->
<testsuite ignored="1" hostname="Basma" failures="0" tests="3" name="testgroup(failed)(failed)(failed)" time="0.064" errors="0" timestamp="2024-10-13T17:53:06 BST">
  <testcase classname="Tests.TestingTestCases" name="test2" time="0.013"/>
  <testcase classname="Tests.TestingTestCases" name="test3" time="0.001"/>
  <testcase classname="Tests.TestingTestCases" name="test1" time="0.001"/>
  <testcase classname="Tests.TestingTestCases" name="LoginTest" time="0.0">
    <ignored/>
  </testcase> <!-- LoginTest -->
</testsuite> <!-- testgroup(failed)(failed)(failed) -->
