<?xml version="1.0" encoding="UTF-8"?>
<!-- Generated by org.testng.reporters.JUnitXMLReporter -->
<testsuite ignored="0" hostname="Basma" failures="0" tests="6" name="TestOnFirefox" time="11.086" errors="0" timestamp="2024-10-13T15:33:46 BST">
  <testcase classname="Tests.TestingTestCases" name="LoginTest" time="3.405"/>
  <testcase classname="Tests.TestingTestCases" name="LoginTest" time="0.936"/>
  <testcase classname="Tests.TestingTestCases" name="LoginTest" time="0.746"/>
  <testcase classname="Tests.TestingTestCases" name="test1" time="0.001"/>
  <testcase classname="Tests.TestingTestCases" name="test2" time="0.0"/>
  <testcase classname="Tests.TestingTestCases" name="test3" time="0.001"/>
</testsuite> <!-- TestOnFirefox -->
