<?xml version="1.0" encoding="UTF-8"?>
<!-- Generated by org.testng.reporters.JUnitXMLReporter -->
<testsuite ignored="1" hostname="Basma" failures="0" tests="6" name="Test" time="14.597" errors="0" timestamp="2024-10-12T06:49:41 BST">
  <testcase classname="Tests.TestingTestCases" name="LoginTest" time="3.207"/>
  <testcase classname="Tests.TestingTestCases" name="LoginTest" time="1.068"/>
  <testcase classname="Tests.TestingTestCases" name="LoginTest" time="0.758"/>
  <testcase classname="Tests.TestingTestCases" name="test1" time="0.001"/>
  <testcase classname="Tests.TestingTestCases" name="test2" time="0.002">
    <skipped/>
  </testcase> <!-- test2 -->
  <testcase classname="Tests.GoogleSearchTest" name="GoogleSearch" time="2.632"/>
  <testcase classname="Tests.GoogleSearchTest" name="GoogleSearch2" time="0.0">
    <ignored/>
  </testcase> <!-- GoogleSearch2 -->
</testsuite> <!-- Test -->
