<?xml version="1.0" encoding="UTF-8"?>
<!-- Generated by org.testng.reporters.JUnitXMLReporter -->
<testsuite ignored="0" hostname="Basma" failures="0" tests="6" name="TestOnChrome" time="8.7" errors="0" timestamp="2024-10-13T15:33:44 BST">
  <testcase classname="Tests.TestingTestCases" name="LoginTest" time="3.336"/>
  <testcase classname="Tests.TestingTestCases" name="LoginTest" time="1.199"/>
  <testcase classname="Tests.TestingTestCases" name="LoginTest" time="0.867"/>
  <testcase classname="Tests.TestingTestCases" name="test1" time="0.0"/>
  <testcase classname="Tests.TestingTestCases" name="test2" time="0.0"/>
  <testcase classname="Tests.TestingTestCases" name="test3" time="0.0"/>
</testsuite> <!-- TestOnChrome -->
