<?xml version="1.0" encoding="UTF-8"?>
<testng-results ignored="0" total="1" passed="1" failed="0" skipped="0">
  <reporter-output>
  </reporter-output>
  <suite started-at="2024-10-16T11:29:36 BST" name="Default suite" finished-at="2024-10-16T11:30:00 BST" duration-ms="23917">
    <groups>
    </groups>
    <test started-at="2024-10-16T11:29:36 BST" name="Default test" finished-at="2024-10-16T11:30:00 BST" duration-ms="23917">
      <class name="Tests.FileUpload">
        <test-method signature="testUpload()[pri:0, instance:Tests.FileUpload@1bb5a082]" started-at="2024-10-16T11:29:36 BST" name="testUpload" finished-at="2024-10-16T11:30:00 BST" duration-ms="23864" status="PASS">
          <reporter-output>
          </reporter-output>
        </test-method> <!-- testUpload -->
      </class> <!-- Tests.FileUpload -->
    </test> <!-- Default test -->
  </suite> <!-- Default suite -->
</testng-results>
